[debug] [2021-11-10T03:22:16.068Z] ----------------------------------------------------------------------
[debug] [2021-11-10T03:22:16.070Z] Command:       C:\Program Files\nodejs\node.exe C:\Users\kspring\AppData\Roaming\npm\node_modules\firebase-tools\lib\bin\firebase.js init
[debug] [2021-11-10T03:22:16.071Z] CLI Version:   9.22.0
[debug] [2021-11-10T03:22:16.071Z] Platform:      win32
[debug] [2021-11-10T03:22:16.071Z] Node Version:  v14.17.6
[debug] [2021-11-10T03:22:16.072Z] Time:          Wed Nov 10 2021 12:22:16 GMT+0900 (대한민국 표준시)
[debug] [2021-11-10T03:22:16.072Z] ----------------------------------------------------------------------
[debug] 
[debug] [2021-11-10T03:22:16.074Z] >>> [apiv2][query] GET https://firebase-public.firebaseio.com/cli.json [none]
[debug] [2021-11-10T03:22:16.093Z] > command requires scopes: ["email","openid","https://www.googleapis.com/auth/cloudplatformprojects.readonly","https://www.googleapis.com/auth/firebase","https://www.googleapis.com/auth/cloud-platform"]
[debug] [2021-11-10T03:22:16.094Z] > authorizing via signed-in user (kbmbo4268@gmail.com)
[info] 
     ######## #### ########  ######## ########     ###     ######  ########
     ##        ##  ##     ## ##       ##     ##  ##   ##  ##       ##
     ######    ##  ########  ######   ########  #########  ######  ######
     ##        ##  ##    ##  ##       ##     ## ##     ##       ## ##
     ##       #### ##     ## ######## ########  ##     ##  ######  ########

You're about to initialize a Firebase project in this directory:

  D:\kspring\portfoilo\react\eatout

[debug] [2021-11-10T03:22:16.880Z] <<< [apiv2][status] GET https://firebase-public.firebaseio.com/cli.json 200
[debug] [2021-11-10T03:22:16.880Z] <<< [apiv2][body] GET https://firebase-public.firebaseio.com/cli.json {"cloudBuildErrorAfter":1594252800000,"cloudBuildWarnAfter":1590019200000,"defaultNode10After":1594252800000,"minVersion":"3.0.5","node8DeploysDisabledAfter":1613390400000,"node8RuntimeDisabledAfter":1615809600000,"node8WarnAfter":1600128000000}
[info] 
=== Project Setup
[info] 
[info] First, let's associate this project directory with a Firebase project.
[info] You can create multiple project aliases by running firebase use --add, 
[info] but for now we'll just set up a default project.
[info] 
[debug] [2021-11-10T03:31:11.112Z] > refreshing access token with scopes: []
[debug] [2021-11-10T03:31:11.113Z] >>> HTTP REQUEST POST https://www.googleapis.com/oauth2/v3/token  
 <request body omitted>
[debug] [2021-11-10T03:31:11.419Z] <<< HTTP RESPONSE 200 {"cache-control":"no-cache, no-store, max-age=0, must-revalidate","date":"Wed, 10 Nov 2021 03:31:11 GMT","expires":"Mon, 01 Jan 1990 00:00:00 GMT","pragma":"no-cache","content-type":"application/json; charset=utf-8","vary":"X-Origin, Referer, Origin,Accept-Encoding","server":"scaffolding on HTTPServer2","x-xss-protection":"0","x-frame-options":"SAMEORIGIN","x-content-type-options":"nosniff","alt-svc":"h3=\":443\"; ma=2592000,h3-29=\":443\"; ma=2592000,h3-Q050=\":443\"; ma=2592000,h3-Q046=\":443\"; ma=2592000,h3-Q043=\":443\"; ma=2592000,quic=\":443\"; ma=2592000; v=\"46,43\"","accept-ranges":"none","transfer-encoding":"chunked"}
[debug] [2021-11-10T03:31:11.436Z] >>> [apiv2][query] GET https://firebase.googleapis.com/v1beta1/projects pageSize=100
[debug] [2021-11-10T03:31:12.440Z] <<< [apiv2][status] GET https://firebase.googleapis.com/v1beta1/projects 200
[debug] [2021-11-10T03:31:12.440Z] <<< [apiv2][body] GET https://firebase.googleapis.com/v1beta1/projects [omitted]
[info] i  Using project kspring-eatout (eatout) 
[info] 
=== Database Setup
[info] i  database: ensuring required API firebasedatabase.googleapis.com is enabled... 
[debug] [2021-11-10T03:31:15.834Z] > refreshing access token with scopes: ["email","https://www.googleapis.com/auth/cloud-platform","https://www.googleapis.com/auth/cloudplatformprojects.readonly","https://www.googleapis.com/auth/firebase","openid"]
[debug] [2021-11-10T03:31:15.834Z] >>> HTTP REQUEST POST https://www.googleapis.com/oauth2/v3/token  
 <request body omitted>
[debug] [2021-11-10T03:31:16.124Z] <<< HTTP RESPONSE 200 {"cache-control":"no-cache, no-store, max-age=0, must-revalidate","pragma":"no-cache","expires":"Mon, 01 Jan 1990 00:00:00 GMT","date":"Wed, 10 Nov 2021 03:31:15 GMT","content-type":"application/json; charset=utf-8","vary":"X-Origin, Referer, Origin,Accept-Encoding","server":"scaffolding on HTTPServer2","x-xss-protection":"0","x-frame-options":"SAMEORIGIN","x-content-type-options":"nosniff","alt-svc":"h3=\":443\"; ma=2592000,h3-29=\":443\"; ma=2592000,h3-Q050=\":443\"; ma=2592000,h3-Q046=\":443\"; ma=2592000,h3-Q043=\":443\"; ma=2592000,quic=\":443\"; ma=2592000; v=\"46,43\"","accept-ranges":"none","transfer-encoding":"chunked"}
[debug] [2021-11-10T03:31:16.140Z] >>> HTTP REQUEST GET https://serviceusage.googleapis.com/v1/projects/kspring-eatout/services/firebasedatabase.googleapis.com  
 
[debug] [2021-11-10T03:31:17.571Z] <<< HTTP RESPONSE 200 {"content-type":"application/json; charset=UTF-8","vary":"X-Origin, Referer, Origin,Accept-Encoding","date":"Wed, 10 Nov 2021 03:31:17 GMT","server":"ESF","cache-control":"private","x-xss-protection":"0","x-frame-options":"SAMEORIGIN","x-content-type-options":"nosniff","alt-svc":"h3=\":443\"; ma=2592000,h3-29=\":443\"; ma=2592000,h3-Q050=\":443\"; ma=2592000,h3-Q046=\":443\"; ma=2592000,h3-Q043=\":443\"; ma=2592000,quic=\":443\"; ma=2592000; v=\"46,43\"","accept-ranges":"none","transfer-encoding":"chunked"}
[warn] !  database: missing required API firebasedatabase.googleapis.com. Enabling now... 
[debug] [2021-11-10T03:31:17.572Z] >>> HTTP REQUEST POST https://serviceusage.googleapis.com/v1/projects/kspring-eatout/services/firebasedatabase.googleapis.com:enable  
 
[debug] [2021-11-10T03:31:18.888Z] <<< HTTP RESPONSE 200 {"content-type":"application/json; charset=UTF-8","vary":"X-Origin, Referer, Origin,Accept-Encoding","date":"Wed, 10 Nov 2021 03:31:18 GMT","server":"ESF","cache-control":"private","x-xss-protection":"0","x-frame-options":"SAMEORIGIN","x-content-type-options":"nosniff","alt-svc":"h3=\":443\"; ma=2592000,h3-29=\":443\"; ma=2592000,h3-Q050=\":443\"; ma=2592000,h3-Q046=\":443\"; ma=2592000,h3-Q043=\":443\"; ma=2592000,quic=\":443\"; ma=2592000; v=\"46,43\"","accept-ranges":"none","transfer-encoding":"chunked"}
[debug] [2021-11-10T03:31:28.893Z] >>> HTTP REQUEST GET https://serviceusage.googleapis.com/v1/projects/kspring-eatout/services/firebasedatabase.googleapis.com  
 
[debug] [2021-11-10T03:31:30.202Z] <<< HTTP RESPONSE 200 {"content-type":"application/json; charset=UTF-8","vary":"X-Origin, Referer, Origin,Accept-Encoding","date":"Wed, 10 Nov 2021 03:31:29 GMT","server":"ESF","cache-control":"private","x-xss-protection":"0","x-frame-options":"SAMEORIGIN","x-content-type-options":"nosniff","alt-svc":"h3=\":443\"; ma=2592000,h3-29=\":443\"; ma=2592000,h3-Q050=\":443\"; ma=2592000,h3-Q046=\":443\"; ma=2592000,h3-Q043=\":443\"; ma=2592000,quic=\":443\"; ma=2592000; v=\"46,43\"","accept-ranges":"none","transfer-encoding":"chunked"}
[info] +  database: required API firebasedatabase.googleapis.com is enabled 
[info] 
[debug] [2021-11-10T03:31:30.205Z] > refreshing access token with scopes: []
[debug] [2021-11-10T03:31:30.205Z] >>> HTTP REQUEST POST https://www.googleapis.com/oauth2/v3/token  
 <request body omitted>
[debug] [2021-11-10T03:31:30.462Z] <<< HTTP RESPONSE 200 {"cache-control":"no-cache, no-store, max-age=0, must-revalidate","date":"Wed, 10 Nov 2021 03:31:30 GMT","pragma":"no-cache","expires":"Mon, 01 Jan 1990 00:00:00 GMT","content-type":"application/json; charset=utf-8","vary":"X-Origin, Referer, Origin,Accept-Encoding","server":"scaffolding on HTTPServer2","x-xss-protection":"0","x-frame-options":"SAMEORIGIN","x-content-type-options":"nosniff","alt-svc":"h3=\":443\"; ma=2592000,h3-29=\":443\"; ma=2592000,h3-Q050=\":443\"; ma=2592000,h3-Q046=\":443\"; ma=2592000,h3-Q043=\":443\"; ma=2592000,quic=\":443\"; ma=2592000; v=\"46,43\"","accept-ranges":"none","transfer-encoding":"chunked"}
[debug] [2021-11-10T03:31:30.479Z] >>> [apiv2][query] GET https://firebase.googleapis.com/v1beta1/projects/kspring-eatout [none]
[debug] [2021-11-10T03:31:31.280Z] <<< [apiv2][status] GET https://firebase.googleapis.com/v1beta1/projects/kspring-eatout 200
[debug] [2021-11-10T03:31:31.280Z] <<< [apiv2][body] GET https://firebase.googleapis.com/v1beta1/projects/kspring-eatout {"projectId":"kspring-eatout","projectNumber":"108239010973","displayName":"eatout","name":"projects/kspring-eatout","resources":{"hostingSite":"kspring-eatout"},"state":"ACTIVE"}
[debug] [2021-11-10T03:35:57.321Z] > refreshing access token with scopes: ["email","https://www.googleapis.com/auth/cloud-platform","https://www.googleapis.com/auth/cloudplatformprojects.readonly","https://www.googleapis.com/auth/firebase","openid"]
[debug] [2021-11-10T03:35:57.321Z] >>> HTTP REQUEST POST https://www.googleapis.com/oauth2/v3/token  
 <request body omitted>
[debug] [2021-11-10T03:35:57.579Z] <<< HTTP RESPONSE 200 {"date":"Wed, 10 Nov 2021 03:35:57 GMT","cache-control":"no-cache, no-store, max-age=0, must-revalidate","expires":"Mon, 01 Jan 1990 00:00:00 GMT","pragma":"no-cache","content-type":"application/json; charset=utf-8","vary":"X-Origin, Referer, Origin,Accept-Encoding","server":"scaffolding on HTTPServer2","x-xss-protection":"0","x-frame-options":"SAMEORIGIN","x-content-type-options":"nosniff","alt-svc":"h3=\":443\"; ma=2592000,h3-29=\":443\"; ma=2592000,h3-Q050=\":443\"; ma=2592000,h3-Q046=\":443\"; ma=2592000,h3-Q043=\":443\"; ma=2592000,quic=\":443\"; ma=2592000; v=\"46,43\"","accept-ranges":"none","transfer-encoding":"chunked"}
[debug] [2021-11-10T03:35:57.600Z] >>> HTTP REQUEST POST https://firebasedatabase.googleapis.com/v1beta/projects/kspring-eatout/locations/asia-southeast1/instances?databaseId=kspring-eatout-default-rtdb&validateOnly=true  
 {"type":"default_database"}
[debug] [2021-11-10T03:35:59.357Z] <<< HTTP RESPONSE 200 {"content-type":"application/json; charset=UTF-8","vary":"X-Origin, Referer, Origin,Accept-Encoding","date":"Wed, 10 Nov 2021 03:35:59 GMT","server":"ESF","cache-control":"private","x-xss-protection":"0","x-frame-options":"SAMEORIGIN","x-content-type-options":"nosniff","alt-svc":"h3=\":443\"; ma=2592000,h3-29=\":443\"; ma=2592000,h3-Q050=\":443\"; ma=2592000,h3-Q046=\":443\"; ma=2592000,h3-Q043=\":443\"; ma=2592000,quic=\":443\"; ma=2592000; v=\"46,43\"","accept-ranges":"none","transfer-encoding":"chunked"}
[debug] [2021-11-10T03:35:59.360Z] >>> HTTP REQUEST POST https://firebasedatabase.googleapis.com/v1beta/projects/kspring-eatout/locations/asia-southeast1/instances?databaseId=kspring-eatout-default-rtdb  
 {"type":"default_database"}
[debug] [2021-11-10T03:36:02.736Z] <<< HTTP RESPONSE 200 {"content-type":"application/json; charset=UTF-8","vary":"X-Origin, Referer, Origin,Accept-Encoding","date":"Wed, 10 Nov 2021 03:36:02 GMT","server":"ESF","cache-control":"private","x-xss-protection":"0","x-frame-options":"SAMEORIGIN","x-content-type-options":"nosniff","alt-svc":"h3=\":443\"; ma=2592000,h3-29=\":443\"; ma=2592000,h3-Q050=\":443\"; ma=2592000,h3-Q046=\":443\"; ma=2592000,h3-Q043=\":443\"; ma=2592000,quic=\":443\"; ma=2592000; v=\"46,43\"","accept-ranges":"none","transfer-encoding":"chunked"}
[info] 
[info] Firebase Realtime Database Security Rules allow you to define how your data should be
[info] structured and when your data can be read from and written to.
[info] 
[debug] [2021-11-10T03:37:15.884Z] >>> HTTP REQUEST GET https://kspring-eatout-default-rtdb.asia-southeast1.firebasedatabase.app/.settings/rules.json  
 
[debug] [2021-11-10T03:37:17.549Z] <<< HTTP RESPONSE 200 {"server":"nginx","date":"Wed, 10 Nov 2021 03:37:17 GMT","content-type":"application/json; charset=utf-8","content-length":"161","connection":"keep-alive","access-control-allow-origin":"*","cache-control":"no-cache","strict-transport-security":"max-age=31556926; includeSubDomains; preload"}
[info] +  Database Rules for kspring-eatout-default-rtdb have been written to database.rules.json. 
[info] Future modifications to database.rules.json will update Realtime Database Security Rules when you run
[info] firebase deploy.
[info] 
=== Hosting Setup
[info] 
[info] Your public directory is the folder (relative to your project directory) that
[info] will contain Hosting assets to be uploaded with firebase deploy. If you
[info] have a build process for your assets, use your build's output directory.
[info] 
[debug] [2021-11-10T03:37:29.057Z] >>> [apiv2][query] GET https://www.gstatic.com/firebasejs/releases.json [none]
[debug] [2021-11-10T03:37:29.346Z] <<< [apiv2][status] GET https://www.gstatic.com/firebasejs/releases.json 200
[debug] [2021-11-10T03:37:29.346Z] <<< [apiv2][body] GET https://www.gstatic.com/firebasejs/releases.json {"current":{"version":"9.4.0","browserURL":"https://www.gstatic.com/firebasejs/9.4.0/firebase.js","packageURL":"https://www.gstatic.com/firebasejs/9.4.0/firebase.tgz"},"live":{"version":"9.4","browserURL":"https://www.gstatic.com/firebasejs/live/9.4/firebase.js","packageURL":"https://www.gstatic.com/firebasejs/live/9.4/firebase.tgz"},"components":{"analytics":"https://www.gstatic.com/firebasejs/9.4.0/firebase-analytics.js","app":"https://www.gstatic.com/firebasejs/9.4.0/firebase-app.js","app-check":"https://www.gstatic.com/firebasejs/9.4.0/firebase-app-check.js","auth":"https://www.gstatic.com/firebasejs/9.4.0/firebase-auth.js","auth/cordova":"https://www.gstatic.com/firebasejs/9.4.0/firebase-auth/cordova.js","auth/react-native":"https://www.gstatic.com/firebasejs/9.4.0/firebase-auth/react-native.js","functions":"https://www.gstatic.com/firebasejs/9.4.0/firebase-functions.js","firestore":"https://www.gstatic.com/firebasejs/9.4.0/firebase-firestore.js","firestore/lite":"https://www.gstatic.com/firebasejs/9.4.0/firebase-firestore/lite.js","storage":"https://www.gstatic.com/firebasejs/9.4.0/firebase-storage.js","performance":"https://www.gstatic.com/firebasejs/9.4.0/firebase-performance.js","remote-config":"https://www.gstatic.com/firebasejs/9.4.0/firebase-remote-config.js","messaging":"https://www.gstatic.com/firebasejs/9.4.0/firebase-messaging.js","messaging/sw":"https://www.gstatic.com/firebasejs/9.4.0/firebase-messaging/sw.js","database":"https://www.gstatic.com/firebasejs/9.4.0/firebase-database.js","firestore.memory":"https://www.gstatic.com/firebasejs/9.4.0/firebase-firestore.memory.js"}}
[info] +  Wrote public/index.html 
[info] 
[info] i  Detected a .git folder at D:\kspring\portfoilo 
[info] i  Authorizing with GitHub to upload your service account to a GitHub repository's secrets store. 
[info] 
[info] Visit this URL on this device to log in:
[info] https://github.com/login/oauth/authorize?client_id=89cf50f02ac6aaed3484&state=99916916&redirect_uri=http%3A%2F%2Flocalhost%3A9005&scope=read%3Auser%20repo%20public_repo
[info] 
[info] Waiting for authentication...
[debug] [2021-11-10T03:37:34.505Z] >>> HTTP REQUEST POST https://github.com/login/oauth/access_token  
 {"client_id":"89cf50f02ac6aaed3484","client_secret":"3330d14abc895d9a74d5f17cd7a00711fa2c5bf0","code":"8bce6df9955dadaae4d1","redirect_uri":"http://localhost:9005","state":"99916916"}
[debug] [2021-11-10T03:37:35.004Z] <<< HTTP RESPONSE 200 {"server":"GitHub.com","date":"Wed, 10 Nov 2021 03:37:34 GMT","content-type":"application/json; charset=utf-8","transfer-encoding":"chunked","vary":"X-PJAX, X-PJAX-Container, Accept-Encoding, Accept, X-Requested-With","permissions-policy":"interest-cohort=()","etag":"W/\"8af0fca6064e83bd650a5193f47c5355\"","cache-control":"max-age=0, private, must-revalidate","strict-transport-security":"max-age=31536000; includeSubdomains; preload","x-frame-options":"deny","x-content-type-options":"nosniff","x-xss-protection":"0","referrer-policy":"origin-when-cross-origin, strict-origin-when-cross-origin","expect-ct":"max-age=2592000, report-uri=\"https://api.github.com/_private/browser/errors\"","content-security-policy":"default-src 'none'; base-uri 'self'; block-all-mixed-content; child-src github.com/assets-cdn/worker/ gist.github.com/assets-cdn/worker/; connect-src 'self' uploads.github.com objects-origin.githubusercontent.com www.githubstatus.com collector.githubapp.com api.github.com github-cloud.s3.amazonaws.com github-production-repository-file-5c1aeb.s3.amazonaws.com github-production-upload-manifest-file-7fdce7.s3.amazonaws.com github-production-user-asset-6210df.s3.amazonaws.com cdn.optimizely.com logx.optimizely.com/v1/events translator.github.com wss://alive.github.com; font-src github.githubassets.com; form-action 'self' github.com gist.github.com objects-origin.githubusercontent.com; frame-ancestors 'none'; frame-src render.githubusercontent.com viewscreen.githubusercontent.com notebooks.githubusercontent.com; img-src 'self' data: github.githubassets.com identicons.github.com collector.githubapp.com github-cloud.s3.amazonaws.com secured-user-images.githubusercontent.com/ *.githubusercontent.com; manifest-src 'self'; media-src github.com user-images.githubusercontent.com/; script-src github.githubassets.com; style-src 'unsafe-inline' github.githubassets.com; worker-src github.com/assets-cdn/worker/ gist.github.com/assets-cdn/worker/","x-github-request-id":"D615:7400:5117CE:6C9281:618B3E7E"}
[debug] [2021-11-10T03:37:35.007Z] >>> [apiv2][query] GET https://api.github.com/user [none]
[debug] [2021-11-10T03:37:35.417Z] <<< [apiv2][status] GET https://api.github.com/user 200
[debug] [2021-11-10T03:37:35.417Z] <<< [apiv2][body] GET https://api.github.com/user {"login":"kbmbo","id":40458732,"node_id":"MDQ6VXNlcjQwNDU4NzMy","avatar_url":"https://avatars.githubusercontent.com/u/40458732?v=4","gravatar_id":"","url":"https://api.github.com/users/kbmbo","html_url":"https://github.com/kbmbo","followers_url":"https://api.github.com/users/kbmbo/followers","following_url":"https://api.github.com/users/kbmbo/following{/other_user}","gists_url":"https://api.github.com/users/kbmbo/gists{/gist_id}","starred_url":"https://api.github.com/users/kbmbo/starred{/owner}{/repo}","subscriptions_url":"https://api.github.com/users/kbmbo/subscriptions","organizations_url":"https://api.github.com/users/kbmbo/orgs","repos_url":"https://api.github.com/users/kbmbo/repos","events_url":"https://api.github.com/users/kbmbo/events{/privacy}","received_events_url":"https://api.github.com/users/kbmbo/received_events","type":"User","site_admin":false,"name":null,"company":null,"blog":"","location":null,"email":null,"hireable":null,"bio":null,"twitter_username":null,"public_repos":4,"public_gists":0,"followers":0,"following":0,"created_at":"2018-06-21T09:48:16Z","updated_at":"2021-09-07T16:35:24Z","private_gists":2,"total_private_repos":0,"owned_private_repos":0,"disk_usage":291915,"collaborators":0,"two_factor_authentication":false,"plan":{"name":"free","space":976562499,"collaborators":0,"private_repos":10000}}
[info] 
[info] +  Success! Logged into GitHub as kbmbo 
[info] 
